<?xml version="1.0" encoding="UTF-8"?>
<!-- Generated by org.testng.reporters.JUnitReportReporter -->
<testsuite skipped="0" hostname="amagdy" name="facebook.facebook_login.LoginTest" tests="6" failures="0" timestamp="2021-04-11T00:03:39 EET" time="79.342" errors="0">
  <testcase name="loginWithEmptyEmailAndPassword" time="10.190" classname="facebook.facebook_login.LoginTest"/>
  <system-out/>
  <testcase name="loginWithInvalidPassword" time="12.098" classname="facebook.facebook_login.LoginTest"/>
  <system-out/>
  <testcase name="loginWithEmptyPassword" time="12.984" classname="facebook.facebook_login.LoginTest"/>
  <system-out/>
  <testcase name="loginWithInvalidEmail" time="9.563" classname="facebook.facebook_login.LoginTest"/>
  <system-out/>
  <testcase name="loginWithEmptyEmail" time="11.031" classname="facebook.facebook_login.LoginTest"/>
  <system-out/>
  <testcase name="loginWithValidCredentials" time="23.476" classname="facebook.facebook_login.LoginTest"/>
  <system-out/>
</testsuite> <!-- facebook.facebook_login.LoginTest -->
