<?xml version="1.0" encoding="UTF-8"?>
<!-- Generated by org.testng.reporters.JUnitReportReporter -->
<testsuite skipped="0" hostname="amagdy" name="BestBuy.BestBuy_Automation.GetProductAPITest" tests="4" failures="0" timestamp="2021-04-10T21:17:20 EET" time="2.884" errors="0">
  <testcase name="getProductRequestIfIEndPointIsInvalid" time="2.613" classname="BestBuy.BestBuy_Automation.GetProductAPITest"/>
  <system-out/>
  <testcase name="getProductRequestIfIdIsNull" time="0.024" classname="BestBuy.BestBuy_Automation.GetProductAPITest"/>
  <system-out/>
  <testcase name="getProductRequestIfIdIsInvalid" time="0.054" classname="BestBuy.BestBuy_Automation.GetProductAPITest"/>
  <system-out/>
  <testcase name="getProductRequestIfIdIsValid" time="0.193" classname="BestBuy.BestBuy_Automation.GetProductAPITest"/>
  <system-out/>
</testsuite> <!-- BestBuy.BestBuy_Automation.GetProductAPITest -->
